{"/Users/brandonlewis/LocalProjects/todo-mern-ts/server/src/app.ts": {"path":"/Users/brandonlewis/LocalProjects/todo-mern-ts/server/src/app.ts","statementMap":{"0":{"start":{"line":1,"column":0},"end":{"line":1,"column":35}},"1":{"start":{"line":2,"column":0},"end":{"line":2,"column":29}},"2":{"start":{"line":3,"column":0},"end":{"line":3,"column":33}},"3":{"start":{"line":4,"column":0},"end":{"line":4,"column":52}},"4":{"start":{"line":5,"column":0},"end":{"line":5,"column":44}},"5":{"start":{"line":7,"column":12},"end":{"line":7,"column":21}},"6":{"start":{"line":8,"column":0},"end":{"line":8,"column":24}},"7":{"start":{"line":9,"column":0},"end":{"line":9,"column":48}},"8":{"start":{"line":10,"column":0},"end":{"line":10,"column":37}},"9":{"start":{"line":11,"column":0},"end":{"line":11,"column":26}},"10":{"start":{"line":12,"column":0},"end":{"line":12,"column":20}},"11":{"start":{"line":14,"column":0},"end":{"line":14,"column":19}}},"fnMap":{},"branchMap":{},"s":{"0":1,"1":1,"2":1,"3":1,"4":1,"5":1,"6":1,"7":1,"8":1,"9":1,"10":1,"11":1},"f":{},"b":{}}
,"/Users/brandonlewis/LocalProjects/todo-mern-ts/server/src/config/corsConfig.ts": {"path":"/Users/brandonlewis/LocalProjects/todo-mern-ts/server/src/config/corsConfig.ts","statementMap":{"0":{"start":{"line":1,"column":0},"end":{"line":3,"column":null}},"1":{"start":{"line":2,"column":2},"end":{"line":2,"column":59}},"2":{"start":{"line":5,"column":19},"end":{"line":8,"column":2}},"3":{"start":{"line":10,"column":0},"end":{"line":10,"column":26}}},"fnMap":{},"branchMap":{"0":{"loc":{"start":{"line":1,"column":0},"end":{"line":3,"column":null}},"type":"if","locations":[{"start":{"line":1,"column":0},"end":{"line":3,"column":null}},{"start":{"line":1,"column":0},"end":{"line":3,"column":null}}]}},"s":{"0":1,"1":0,"2":1,"3":1},"f":{},"b":{"0":[0,1]}}
,"/Users/brandonlewis/LocalProjects/todo-mern-ts/server/src/config/index.ts": {"path":"/Users/brandonlewis/LocalProjects/todo-mern-ts/server/src/config/index.ts","statementMap":{"0":{"start":{"line":1,"column":0},"end":{"line":1,"column":7}},"1":{"start":{"line":5,"column":9},"end":{"line":1,"column":38}},"2":{"start":{"line":2,"column":0},"end":{"line":2,"column":7}},"3":{"start":{"line":5,"column":21},"end":{"line":2,"column":42}},"4":{"start":{"line":3,"column":0},"end":{"line":3,"column":7}},"5":{"start":{"line":5,"column":35},"end":{"line":3,"column":40}}},"fnMap":{},"branchMap":{},"s":{"0":1,"1":1,"2":1,"3":1,"4":1,"5":1},"f":{},"b":{}}
,"/Users/brandonlewis/LocalProjects/todo-mern-ts/server/src/config/loggerConfig.ts": {"path":"/Users/brandonlewis/LocalProjects/todo-mern-ts/server/src/config/loggerConfig.ts","statementMap":{"0":{"start":{"line":1,"column":0},"end":{"line":3,"column":null}},"1":{"start":{"line":2,"column":2},"end":{"line":2,"column":61}},"2":{"start":{"line":5,"column":21},"end":{"line":7,"column":2}},"3":{"start":{"line":9,"column":0},"end":{"line":9,"column":28}}},"fnMap":{},"branchMap":{"0":{"loc":{"start":{"line":1,"column":0},"end":{"line":3,"column":null}},"type":"if","locations":[{"start":{"line":1,"column":0},"end":{"line":3,"column":null}},{"start":{"line":1,"column":0},"end":{"line":3,"column":null}}]}},"s":{"0":1,"1":0,"2":1,"3":1},"f":{},"b":{"0":[0,1]}}
,"/Users/brandonlewis/LocalProjects/todo-mern-ts/server/src/config/mongoConfig.ts": {"path":"/Users/brandonlewis/LocalProjects/todo-mern-ts/server/src/config/mongoConfig.ts","statementMap":{"0":{"start":{"line":1,"column":0},"end":{"line":1,"column":23}},"1":{"start":{"line":2,"column":0},"end":{"line":2,"column":37}},"2":{"start":{"line":5,"column":64},"end":{"line":5,"column":75}},"3":{"start":{"line":5,"column":18},"end":{"line":5,"column":20}},"4":{"start":{"line":5,"column":34},"end":{"line":5,"column":36}},"5":{"start":{"line":5,"column":49},"end":{"line":5,"column":51}},"6":{"start":{"line":5,"column":59},"end":{"line":5,"column":64}},"7":{"start":{"line":6,"column":39},"end":{"line":11,"column":2}},"8":{"start":{"line":12,"column":0},"end":{"line":12,"column":40}},"9":{"start":{"line":14,"column":20},"end":{"line":14,"column":124}},"10":{"start":{"line":16,"column":33},"end":{"line":19,"column":2}},"11":{"start":{"line":21,"column":0},"end":{"line":21,"column":27}}},"fnMap":{},"branchMap":{},"s":{"0":1,"1":1,"2":1,"3":1,"4":1,"5":1,"6":1,"7":1,"8":1,"9":1,"10":1,"11":1},"f":{},"b":{}}
,"/Users/brandonlewis/LocalProjects/todo-mern-ts/server/src/controllers/todoController.ts": {"path":"/Users/brandonlewis/LocalProjects/todo-mern-ts/server/src/controllers/todoController.ts","statementMap":{"0":{"start":{"line":1,"column":0},"end":{"line":1,"column":55}},"1":{"start":{"line":11,"column":19},"end":{"line":18,"column":2}},"2":{"start":{"line":11,"column":42},"end":{"line":18,"column":2}},"3":{"start":{"line":12,"column":15},"end":{"line":12,"column":null}},"4":{"start":{"line":12,"column":8},"end":{"line":12,"column":null}},"5":{"start":{"line":13,"column":16},"end":{"line":13,"column":null}},"6":{"start":{"line":13,"column":8},"end":{"line":13,"column":null}},"7":{"start":{"line":14,"column":2},"end":{"line":17,"column":4}},"8":{"start":{"line":58,"column":9},"end":{"line":58,"column":19}},"9":{"start":{"line":20,"column":17},"end":{"line":23,"column":2}},"10":{"start":{"line":20,"column":34},"end":{"line":23,"column":2}},"11":{"start":{"line":21,"column":15},"end":{"line":21,"column":null}},"12":{"start":{"line":21,"column":8},"end":{"line":21,"column":null}},"13":{"start":{"line":22,"column":2},"end":{"line":22,"column":18}},"14":{"start":{"line":58,"column":21},"end":{"line":58,"column":29}},"15":{"start":{"line":25,"column":18},"end":{"line":28,"column":2}},"16":{"start":{"line":26,"column":16},"end":{"line":26,"column":null}},"17":{"start":{"line":26,"column":8},"end":{"line":26,"column":null}},"18":{"start":{"line":27,"column":2},"end":{"line":27,"column":19}},"19":{"start":{"line":58,"column":31},"end":{"line":58,"column":40}},"20":{"start":{"line":30,"column":19},"end":{"line":47,"column":2}},"21":{"start":{"line":32,"column":25},"end":{"line":47,"column":2}},"22":{"start":{"line":34,"column":6},"end":{"line":34,"column":25}},"23":{"start":{"line":35,"column":6},"end":{"line":35,"column":27}},"24":{"start":{"line":37,"column":6},"end":{"line":37,"column":7}},"25":{"start":{"line":38,"column":11},"end":{"line":38,"column":52}},"26":{"start":{"line":38,"column":4},"end":{"line":38,"column":52}},"27":{"start":{"line":39,"column":4},"end":{"line":39,"column":47}},"28":{"start":{"line":41,"column":11},"end":{"line":41,"column":58}},"29":{"start":{"line":41,"column":4},"end":{"line":41,"column":58}},"30":{"start":{"line":42,"column":4},"end":{"line":42,"column":34}},"31":{"start":{"line":44,"column":16},"end":{"line":44,"column":null}},"32":{"start":{"line":44,"column":8},"end":{"line":44,"column":null}},"33":{"start":{"line":46,"column":2},"end":{"line":46,"column":34}},"34":{"start":{"line":58,"column":42},"end":{"line":58,"column":52}},"35":{"start":{"line":49,"column":19},"end":{"line":56,"column":2}},"36":{"start":{"line":49,"column":36},"end":{"line":56,"column":2}},"37":{"start":{"line":50,"column":15},"end":{"line":50,"column":null}},"38":{"start":{"line":50,"column":8},"end":{"line":50,"column":null}},"39":{"start":{"line":51,"column":16},"end":{"line":51,"column":null}},"40":{"start":{"line":51,"column":8},"end":{"line":51,"column":null}},"41":{"start":{"line":52,"column":2},"end":{"line":55,"column":4}},"42":{"start":{"line":58,"column":54},"end":{"line":58,"column":64}}},"fnMap":{"0":{"name":"(anonymous_13)","decl":{"start":{"line":11,"column":19},"end":{"line":11,"column":26}},"loc":{"start":{"line":11,"column":42},"end":{"line":18,"column":2}}},"1":{"name":"(anonymous_14)","decl":{"start":{"line":11,"column":42},"end":{"line":11,"column":null}},"loc":{"start":{"line":11,"column":42},"end":{"line":18,"column":2}}},"2":{"name":"(anonymous_16)","decl":{"start":{"line":20,"column":17},"end":{"line":20,"column":24}},"loc":{"start":{"line":20,"column":34},"end":{"line":23,"column":2}}},"3":{"name":"(anonymous_17)","decl":{"start":{"line":20,"column":34},"end":{"line":20,"column":null}},"loc":{"start":{"line":20,"column":34},"end":{"line":23,"column":2}}},"4":{"name":"(anonymous_19)","decl":{"start":{"line":25,"column":18},"end":{"line":25,"column":null}},"loc":{"start":{"line":25,"column":18},"end":{"line":28,"column":2}}},"5":{"name":"(anonymous_22)","decl":{"start":{"line":30,"column":19},"end":{"line":30,"column":null}},"loc":{"start":{"line":32,"column":25},"end":{"line":47,"column":2}}},"6":{"name":"(anonymous_23)","decl":{"start":{"line":32,"column":25},"end":{"line":32,"column":null}},"loc":{"start":{"line":32,"column":25},"end":{"line":47,"column":2}}},"7":{"name":"(anonymous_25)","decl":{"start":{"line":49,"column":19},"end":{"line":49,"column":26}},"loc":{"start":{"line":49,"column":36},"end":{"line":56,"column":2}}},"8":{"name":"(anonymous_26)","decl":{"start":{"line":49,"column":36},"end":{"line":49,"column":null}},"loc":{"start":{"line":49,"column":36},"end":{"line":56,"column":2}}}},"branchMap":{"0":{"loc":{"start":{"line":12,"column":15},"end":{"line":12,"column":null}},"type":"switch","locations":[{"start":{"line":12,"column":15},"end":{"line":12,"column":null}}]},"1":{"loc":{"start":{"line":21,"column":15},"end":{"line":21,"column":null}},"type":"switch","locations":[{"start":{"line":21,"column":15},"end":{"line":21,"column":null}}]},"2":{"loc":{"start":{"line":26,"column":16},"end":{"line":26,"column":null}},"type":"switch","locations":[{"start":{"line":26,"column":16},"end":{"line":26,"column":null}}]},"3":{"loc":{"start":{"line":41,"column":11},"end":{"line":41,"column":58}},"type":"switch","locations":[{"start":{"line":41,"column":11},"end":{"line":41,"column":58}},{"start":{"line":44,"column":16},"end":{"line":44,"column":null}}]},"4":{"loc":{"start":{"line":37,"column":6},"end":{"line":37,"column":7}},"type":"if","locations":[{"start":{"line":37,"column":6},"end":{"line":37,"column":7}},{"start":{"line":37,"column":6},"end":{"line":37,"column":7}}]},"5":{"loc":{"start":{"line":50,"column":15},"end":{"line":50,"column":null}},"type":"switch","locations":[{"start":{"line":50,"column":15},"end":{"line":50,"column":null}}]}},"s":{"0":1,"1":1,"2":0,"3":0,"4":0,"5":0,"6":0,"7":0,"8":1,"9":1,"10":0,"11":0,"12":0,"13":0,"14":1,"15":1,"16":0,"17":0,"18":0,"19":1,"20":1,"21":0,"22":0,"23":0,"24":0,"25":0,"26":0,"27":0,"28":0,"29":0,"30":0,"31":0,"32":0,"33":0,"34":1,"35":1,"36":0,"37":0,"38":0,"39":0,"40":0,"41":0,"42":1},"f":{"0":0,"1":0,"2":0,"3":0,"4":0,"5":0,"6":0,"7":0,"8":0},"b":{"0":[0],"1":[0],"2":[0],"3":[0,0],"4":[0,0],"5":[0]}}
,"/Users/brandonlewis/LocalProjects/todo-mern-ts/server/src/middleware/todoRouteValidations.ts": {"path":"/Users/brandonlewis/LocalProjects/todo-mern-ts/server/src/middleware/todoRouteValidations.ts","statementMap":{"0":{"start":{"line":1,"column":0},"end":{"line":1,"column":65}},"1":{"start":{"line":3,"column":27},"end":{"line":12,"column":55}},"2":{"start":{"line":14,"column":33},"end":{"line":22,"column":null}},"3":{"start":{"line":25,"column":33},"end":{"line":31,"column":null}},"4":{"start":{"line":34,"column":43},"end":{"line":34,"column":69}},"5":{"start":{"line":45,"column":9},"end":{"line":45,"column":24}},"6":{"start":{"line":36,"column":42},"end":{"line":36,"column":62}},"7":{"start":{"line":45,"column":26},"end":{"line":45,"column":40}},"8":{"start":{"line":38,"column":42},"end":{"line":41,"column":2}},"9":{"start":{"line":45,"column":42},"end":{"line":45,"column":56}},"10":{"start":{"line":43,"column":45},"end":{"line":43,"column":65}},"11":{"start":{"line":45,"column":58},"end":{"line":45,"column":75}}},"fnMap":{},"branchMap":{},"s":{"0":1,"1":1,"2":1,"3":1,"4":1,"5":1,"6":1,"7":1,"8":1,"9":1,"10":1,"11":1},"f":{},"b":{}}
,"/Users/brandonlewis/LocalProjects/todo-mern-ts/server/src/middleware/validator.ts": {"path":"/Users/brandonlewis/LocalProjects/todo-mern-ts/server/src/middleware/validator.ts","statementMap":{"0":{"start":{"line":2,"column":0},"end":{"line":2,"column":70}},"1":{"start":{"line":4,"column":17},"end":{"line":28,"column":1}},"2":{"start":{"line":5,"column":2},"end":{"line":27,"column":4}},"3":{"start":{"line":5,"column":63},"end":{"line":27,"column":4}},"4":{"start":{"line":9,"column":40},"end":{"line":9,"column":null}},"5":{"start":{"line":9,"column":29},"end":{"line":9,"column":null}},"6":{"start":{"line":9,"column":15},"end":{"line":9,"column":29}},"7":{"start":{"line":10,"column":23},"end":{"line":10,"column":null}},"8":{"start":{"line":10,"column":14},"end":{"line":10,"column":null}},"9":{"start":{"line":11,"column":8},"end":{"line":11,"column":48}},"10":{"start":{"line":11,"column":42},"end":{"line":11,"column":48}},"11":{"start":{"line":14,"column":12},"end":{"line":14,"column":43}},"12":{"start":{"line":15,"column":6},"end":{"line":17,"column":null}},"13":{"start":{"line":16,"column":8},"end":{"line":16,"column":22}},"14":{"start":{"line":19,"column":6},"end":{"line":21,"column":9}},"15":{"start":{"line":23,"column":6},"end":{"line":25,"column":9}},"16":{"start":{"line":30,"column":9},"end":{"line":30,"column":17}}},"fnMap":{"0":{"name":"(anonymous_13)","decl":{"start":{"line":4,"column":17},"end":{"line":4,"column":18}},"loc":{"start":{"line":4,"column":48},"end":{"line":28,"column":1}}},"1":{"name":"(anonymous_14)","decl":{"start":{"line":5,"column":9},"end":{"line":5,"column":16}},"loc":{"start":{"line":5,"column":63},"end":{"line":27,"column":4}}},"2":{"name":"(anonymous_15)","decl":{"start":{"line":5,"column":63},"end":{"line":5,"column":null}},"loc":{"start":{"line":5,"column":63},"end":{"line":27,"column":4}}}},"branchMap":{"0":{"loc":{"start":{"line":9,"column":29},"end":{"line":9,"column":null}},"type":"if","locations":[{"start":{"line":9,"column":29},"end":{"line":9,"column":null}},{"start":{"line":9,"column":29},"end":{"line":9,"column":null}}]},"1":{"loc":{"start":{"line":11,"column":8},"end":{"line":11,"column":48}},"type":"if","locations":[{"start":{"line":11,"column":8},"end":{"line":11,"column":48}},{"start":{"line":11,"column":8},"end":{"line":11,"column":48}}]},"2":{"loc":{"start":{"line":15,"column":6},"end":{"line":17,"column":null}},"type":"if","locations":[{"start":{"line":15,"column":6},"end":{"line":17,"column":null}},{"start":{"line":15,"column":6},"end":{"line":17,"column":null}}]}},"s":{"0":1,"1":1,"2":4,"3":0,"4":0,"5":0,"6":0,"7":0,"8":0,"9":0,"10":0,"11":0,"12":0,"13":0,"14":0,"15":0,"16":1},"f":{"0":4,"1":0,"2":0},"b":{"0":[0,0],"1":[0,0],"2":[0,0]}}
,"/Users/brandonlewis/LocalProjects/todo-mern-ts/server/src/models/Todo.ts": {"path":"/Users/brandonlewis/LocalProjects/todo-mern-ts/server/src/models/Todo.ts","statementMap":{"0":{"start":{"line":1,"column":0},"end":{"line":1,"column":33}},"1":{"start":{"line":3,"column":0},"end":{"line":3,"column":47}},"2":{"start":{"line":5,"column":13},"end":{"line":5,"column":45}},"3":{"start":{"line":7,"column":0},"end":{"line":7,"column":20}}},"fnMap":{},"branchMap":{},"s":{"0":1,"1":1,"2":1,"3":1},"f":{},"b":{}}
,"/Users/brandonlewis/LocalProjects/todo-mern-ts/server/src/routes/todoRoute.ts": {"path":"/Users/brandonlewis/LocalProjects/todo-mern-ts/server/src/routes/todoRoute.ts","statementMap":{"0":{"start":{"line":1,"column":0},"end":{"line":1,"column":52}},"1":{"start":{"line":2,"column":0},"end":{"line":2,"column":60}},"2":{"start":{"line":3,"column":0},"end":{"line":3,"column":53}},"3":{"start":{"line":4,"column":0},"end":{"line":4,"column":null}},"4":{"start":{"line":11,"column":23},"end":{"line":11,"column":31}},"5":{"start":{"line":13,"column":0},"end":{"line":41,"column":5}},"6":{"start":{"line":17,"column":38},"end":{"line":30,"column":null}},"7":{"start":{"line":19,"column":32},"end":{"line":19,"column":null}},"8":{"start":{"line":19,"column":14},"end":{"line":19,"column":32}},"9":{"start":{"line":20,"column":8},"end":{"line":24,"column":11}},"10":{"start":{"line":26,"column":8},"end":{"line":28,"column":11}},"11":{"start":{"line":32,"column":41},"end":{"line":41,"column":4}},"12":{"start":{"line":34,"column":24},"end":{"line":34,"column":null}},"13":{"start":{"line":34,"column":14},"end":{"line":34,"column":24}},"14":{"start":{"line":35,"column":6},"end":{"line":35,"column":45}},"15":{"start":{"line":37,"column":6},"end":{"line":39,"column":9}},"16":{"start":{"line":43,"column":0},"end":{"line":110,"column":4}},"17":{"start":{"line":47,"column":38},"end":{"line":61,"column":null}},"18":{"start":{"line":49,"column":25},"end":{"line":49,"column":null}},"19":{"start":{"line":49,"column":16},"end":{"line":49,"column":25}},"20":{"start":{"line":50,"column":8},"end":{"line":54,"column":null}},"21":{"start":{"line":51,"column":10},"end":{"line":53,"column":13}},"22":{"start":{"line":55,"column":8},"end":{"line":55,"column":46}},"23":{"start":{"line":57,"column":8},"end":{"line":59,"column":11}},"24":{"start":{"line":65,"column":38},"end":{"line":87,"column":null}},"25":{"start":{"line":67,"column":41},"end":{"line":70,"column":null}},"26":{"start":{"line":67,"column":14},"end":{"line":67,"column":41}},"27":{"start":{"line":71,"column":8},"end":{"line":76,"column":null}},"28":{"start":{"line":72,"column":10},"end":{"line":75,"column":13}},"29":{"start":{"line":77,"column":8},"end":{"line":81,"column":11}},"30":{"start":{"line":83,"column":8},"end":{"line":85,"column":11}},"31":{"start":{"line":91,"column":38},"end":{"line":109,"column":null}},"32":{"start":{"line":93,"column":32},"end":{"line":93,"column":null}},"33":{"start":{"line":93,"column":14},"end":{"line":93,"column":32}},"34":{"start":{"line":94,"column":8},"end":{"line":98,"column":null}},"35":{"start":{"line":95,"column":10},"end":{"line":97,"column":13}},"36":{"start":{"line":99,"column":8},"end":{"line":103,"column":11}},"37":{"start":{"line":105,"column":8},"end":{"line":107,"column":11}},"38":{"start":{"line":112,"column":0},"end":{"line":112,"column":22}}},"fnMap":{"0":{"name":"(anonymous_13)","decl":{"start":{"line":17,"column":4},"end":{"line":17,"column":11}},"loc":{"start":{"line":17,"column":38},"end":{"line":30,"column":null}}},"1":{"name":"(anonymous_14)","decl":{"start":{"line":17,"column":38},"end":{"line":17,"column":null}},"loc":{"start":{"line":17,"column":38},"end":{"line":30,"column":null}}},"2":{"name":"(anonymous_16)","decl":{"start":{"line":32,"column":7},"end":{"line":32,"column":14}},"loc":{"start":{"line":32,"column":41},"end":{"line":41,"column":4}}},"3":{"name":"(anonymous_17)","decl":{"start":{"line":32,"column":41},"end":{"line":32,"column":null}},"loc":{"start":{"line":32,"column":41},"end":{"line":41,"column":4}}},"4":{"name":"(anonymous_19)","decl":{"start":{"line":47,"column":4},"end":{"line":47,"column":11}},"loc":{"start":{"line":47,"column":38},"end":{"line":61,"column":null}}},"5":{"name":"(anonymous_20)","decl":{"start":{"line":47,"column":38},"end":{"line":47,"column":null}},"loc":{"start":{"line":47,"column":38},"end":{"line":61,"column":null}}},"6":{"name":"(anonymous_22)","decl":{"start":{"line":65,"column":4},"end":{"line":65,"column":11}},"loc":{"start":{"line":65,"column":38},"end":{"line":87,"column":null}}},"7":{"name":"(anonymous_23)","decl":{"start":{"line":65,"column":38},"end":{"line":65,"column":null}},"loc":{"start":{"line":65,"column":38},"end":{"line":87,"column":null}}},"8":{"name":"(anonymous_25)","decl":{"start":{"line":91,"column":4},"end":{"line":91,"column":11}},"loc":{"start":{"line":91,"column":38},"end":{"line":109,"column":null}}},"9":{"name":"(anonymous_26)","decl":{"start":{"line":91,"column":38},"end":{"line":91,"column":null}},"loc":{"start":{"line":91,"column":38},"end":{"line":109,"column":null}}}},"branchMap":{"0":{"loc":{"start":{"line":50,"column":8},"end":{"line":54,"column":null}},"type":"if","locations":[{"start":{"line":50,"column":8},"end":{"line":54,"column":null}},{"start":{"line":50,"column":8},"end":{"line":54,"column":null}}]},"1":{"loc":{"start":{"line":71,"column":8},"end":{"line":76,"column":null}},"type":"if","locations":[{"start":{"line":71,"column":8},"end":{"line":76,"column":null}},{"start":{"line":71,"column":8},"end":{"line":76,"column":null}}]},"2":{"loc":{"start":{"line":94,"column":8},"end":{"line":98,"column":null}},"type":"if","locations":[{"start":{"line":94,"column":8},"end":{"line":98,"column":null}},{"start":{"line":94,"column":8},"end":{"line":98,"column":null}}]}},"s":{"0":1,"1":1,"2":1,"3":1,"4":1,"5":1,"6":0,"7":0,"8":0,"9":0,"10":0,"11":0,"12":0,"13":0,"14":0,"15":0,"16":1,"17":0,"18":0,"19":0,"20":0,"21":0,"22":0,"23":0,"24":0,"25":0,"26":0,"27":0,"28":0,"29":0,"30":0,"31":0,"32":0,"33":0,"34":0,"35":0,"36":0,"37":0,"38":1},"f":{"0":0,"1":0,"2":0,"3":0,"4":0,"5":0,"6":0,"7":0,"8":0,"9":0},"b":{"0":[0,0],"1":[0,0],"2":[0,0]}}
,"/Users/brandonlewis/LocalProjects/todo-mern-ts/server/src/schemas/todoSchema.ts": {"path":"/Users/brandonlewis/LocalProjects/todo-mern-ts/server/src/schemas/todoSchema.ts","statementMap":{"0":{"start":{"line":1,"column":0},"end":{"line":1,"column":34}},"1":{"start":{"line":3,"column":27},"end":{"line":16,"column":null}},"2":{"start":{"line":19,"column":0},"end":{"line":19,"column":26}}},"fnMap":{},"branchMap":{},"s":{"0":1,"1":1,"2":1},"f":{},"b":{}}
,"/Users/brandonlewis/LocalProjects/todo-mern-ts/server/src/services/todoService.ts": {"path":"/Users/brandonlewis/LocalProjects/todo-mern-ts/server/src/services/todoService.ts","statementMap":{"0":{"start":{"line":1,"column":0},"end":{"line":1,"column":34}},"1":{"start":{"line":3,"column":0},"end":{"line":3,"column":57}},"2":{"start":{"line":5,"column":15},"end":{"line":8,"column":2}},"3":{"start":{"line":5,"column":38},"end":{"line":8,"column":2}},"4":{"start":{"line":6,"column":2},"end":{"line":6,"column":39}},"5":{"start":{"line":7,"column":9},"end":{"line":7,"column":64}},"6":{"start":{"line":7,"column":2},"end":{"line":7,"column":64}},"7":{"start":{"line":51,"column":2},"end":{"line":51,"column":8}},"8":{"start":{"line":10,"column":16},"end":{"line":12,"column":2}},"9":{"start":{"line":11,"column":9},"end":{"line":11,"column":27}},"10":{"start":{"line":11,"column":2},"end":{"line":11,"column":27}},"11":{"start":{"line":53,"column":2},"end":{"line":53,"column":9}},"12":{"start":{"line":14,"column":17},"end":{"line":17,"column":2}},"13":{"start":{"line":14,"column":34},"end":{"line":17,"column":2}},"14":{"start":{"line":15,"column":2},"end":{"line":15,"column":27}},"15":{"start":{"line":16,"column":9},"end":{"line":16,"column":33}},"16":{"start":{"line":16,"column":2},"end":{"line":16,"column":33}},"17":{"start":{"line":52,"column":2},"end":{"line":52,"column":10}},"18":{"start":{"line":19,"column":27},"end":{"line":29,"column":2}},"19":{"start":{"line":19,"column":44},"end":{"line":29,"column":2}},"20":{"start":{"line":20,"column":2},"end":{"line":20,"column":27}},"21":{"start":{"line":21,"column":23},"end":{"line":21,"column":null}},"22":{"start":{"line":21,"column":8},"end":{"line":21,"column":null}},"23":{"start":{"line":22,"column":2},"end":{"line":22,"column":33}},"24":{"start":{"line":22,"column":21},"end":{"line":22,"column":33}},"25":{"start":{"line":23,"column":9},"end":{"line":28,"column":4}},"26":{"start":{"line":23,"column":2},"end":{"line":28,"column":4}},"27":{"start":{"line":54,"column":2},"end":{"line":54,"column":20}},"28":{"start":{"line":31,"column":23},"end":{"line":43,"column":2}},"29":{"start":{"line":33,"column":18},"end":{"line":43,"column":2}},"30":{"start":{"line":35,"column":2},"end":{"line":35,"column":27}},"31":{"start":{"line":36,"column":2},"end":{"line":36,"column":39}},"32":{"start":{"line":37,"column":9},"end":{"line":42,"column":4}},"33":{"start":{"line":37,"column":2},"end":{"line":42,"column":4}},"34":{"start":{"line":55,"column":2},"end":{"line":55,"column":16}},"35":{"start":{"line":45,"column":19},"end":{"line":48,"column":2}},"36":{"start":{"line":45,"column":36},"end":{"line":48,"column":2}},"37":{"start":{"line":46,"column":2},"end":{"line":46,"column":27}},"38":{"start":{"line":47,"column":9},"end":{"line":47,"column":42}},"39":{"start":{"line":47,"column":2},"end":{"line":47,"column":42}},"40":{"start":{"line":56,"column":2},"end":{"line":56,"column":12}}},"fnMap":{"0":{"name":"(anonymous_13)","decl":{"start":{"line":5,"column":15},"end":{"line":5,"column":22}},"loc":{"start":{"line":5,"column":38},"end":{"line":8,"column":2}}},"1":{"name":"(anonymous_14)","decl":{"start":{"line":5,"column":38},"end":{"line":5,"column":null}},"loc":{"start":{"line":5,"column":38},"end":{"line":8,"column":2}}},"2":{"name":"(anonymous_16)","decl":{"start":{"line":10,"column":16},"end":{"line":10,"column":null}},"loc":{"start":{"line":10,"column":16},"end":{"line":12,"column":2}}},"3":{"name":"(anonymous_19)","decl":{"start":{"line":14,"column":17},"end":{"line":14,"column":24}},"loc":{"start":{"line":14,"column":34},"end":{"line":17,"column":2}}},"4":{"name":"(anonymous_20)","decl":{"start":{"line":14,"column":34},"end":{"line":14,"column":null}},"loc":{"start":{"line":14,"column":34},"end":{"line":17,"column":2}}},"5":{"name":"(anonymous_22)","decl":{"start":{"line":19,"column":27},"end":{"line":19,"column":34}},"loc":{"start":{"line":19,"column":44},"end":{"line":29,"column":2}}},"6":{"name":"(anonymous_23)","decl":{"start":{"line":19,"column":44},"end":{"line":19,"column":null}},"loc":{"start":{"line":19,"column":44},"end":{"line":29,"column":2}}},"7":{"name":"(anonymous_25)","decl":{"start":{"line":31,"column":23},"end":{"line":31,"column":null}},"loc":{"start":{"line":33,"column":18},"end":{"line":43,"column":2}}},"8":{"name":"(anonymous_26)","decl":{"start":{"line":33,"column":18},"end":{"line":33,"column":null}},"loc":{"start":{"line":33,"column":18},"end":{"line":43,"column":2}}},"9":{"name":"(anonymous_28)","decl":{"start":{"line":45,"column":19},"end":{"line":45,"column":26}},"loc":{"start":{"line":45,"column":36},"end":{"line":48,"column":2}}},"10":{"name":"(anonymous_29)","decl":{"start":{"line":45,"column":36},"end":{"line":45,"column":null}},"loc":{"start":{"line":45,"column":36},"end":{"line":48,"column":2}}}},"branchMap":{"0":{"loc":{"start":{"line":7,"column":2},"end":{"line":7,"column":64}},"type":"switch","locations":[{"start":{"line":7,"column":2},"end":{"line":7,"column":64}}]},"1":{"loc":{"start":{"line":11,"column":9},"end":{"line":11,"column":27}},"type":"switch","locations":[{"start":{"line":11,"column":9},"end":{"line":11,"column":27}},{"start":{"line":11,"column":2},"end":{"line":11,"column":27}}]},"2":{"loc":{"start":{"line":16,"column":2},"end":{"line":16,"column":33}},"type":"switch","locations":[{"start":{"line":16,"column":2},"end":{"line":16,"column":33}}]},"3":{"loc":{"start":{"line":23,"column":2},"end":{"line":28,"column":4}},"type":"switch","locations":[{"start":{"line":23,"column":2},"end":{"line":28,"column":4}}]},"4":{"loc":{"start":{"line":22,"column":2},"end":{"line":22,"column":33}},"type":"if","locations":[{"start":{"line":22,"column":2},"end":{"line":22,"column":33}},{"start":{"line":22,"column":2},"end":{"line":22,"column":33}}]},"5":{"loc":{"start":{"line":37,"column":2},"end":{"line":42,"column":4}},"type":"switch","locations":[{"start":{"line":37,"column":2},"end":{"line":42,"column":4}}]},"6":{"loc":{"start":{"line":47,"column":2},"end":{"line":47,"column":42}},"type":"switch","locations":[{"start":{"line":47,"column":2},"end":{"line":47,"column":42}}]}},"s":{"0":2,"1":2,"2":2,"3":3,"4":3,"5":3,"6":0,"7":2,"8":2,"9":0,"10":0,"11":2,"12":2,"13":0,"14":0,"15":0,"16":0,"17":2,"18":2,"19":0,"20":0,"21":0,"22":0,"23":0,"24":0,"25":0,"26":0,"27":2,"28":2,"29":0,"30":0,"31":0,"32":0,"33":0,"34":2,"35":2,"36":0,"37":0,"38":0,"39":0,"40":2},"f":{"0":3,"1":3,"2":0,"3":0,"4":0,"5":0,"6":0,"7":0,"8":0,"9":0,"10":0},"b":{"0":[0],"1":[0,0],"2":[0],"3":[0],"4":[0,0],"5":[0],"6":[0]}}
,"/Users/brandonlewis/LocalProjects/todo-mern-ts/server/src/tests/testDb.ts": {"path":"/Users/brandonlewis/LocalProjects/todo-mern-ts/server/src/tests/testDb.ts","statementMap":{"0":{"start":{"line":1,"column":0},"end":{"line":1,"column":23}},"1":{"start":{"line":2,"column":0},"end":{"line":2,"column":37}},"2":{"start":{"line":3,"column":0},"end":{"line":3,"column":40}},"3":{"start":{"line":4,"column":0},"end":{"line":4,"column":58}},"4":{"start":{"line":6,"column":12},"end":{"line":6,"column":31}},"5":{"start":{"line":9,"column":16},"end":{"line":14,"column":2}},"6":{"start":{"line":10,"column":10},"end":{"line":10,"column":43}},"7":{"start":{"line":10,"column":2},"end":{"line":10,"column":43}},"8":{"start":{"line":11,"column":8},"end":{"line":11,"column":29}},"9":{"start":{"line":12,"column":10},"end":{"line":12,"column":22}},"10":{"start":{"line":13,"column":2},"end":{"line":13,"column":39}},"11":{"start":{"line":29,"column":9},"end":{"line":29,"column":16}},"12":{"start":{"line":16,"column":14},"end":{"line":21,"column":2}},"13":{"start":{"line":18,"column":10},"end":{"line":18,"column":44}},"14":{"start":{"line":19,"column":4},"end":{"line":19,"column":36}},"15":{"start":{"line":29,"column":18},"end":{"line":29,"column":23}},"16":{"start":{"line":23,"column":14},"end":{"line":27,"column":2}},"17":{"start":{"line":24,"column":2},"end":{"line":24,"column":27}},"18":{"start":{"line":25,"column":2},"end":{"line":25,"column":20}},"19":{"start":{"line":26,"column":2},"end":{"line":26,"column":21}},"20":{"start":{"line":29,"column":25},"end":{"line":29,"column":30}}},"fnMap":{"0":{"name":"(anonymous_13)","decl":{"start":{"line":9,"column":16},"end":{"line":9,"column":null}},"loc":{"start":{"line":9,"column":16},"end":{"line":14,"column":2}}},"1":{"name":"(anonymous_16)","decl":{"start":{"line":16,"column":14},"end":{"line":16,"column":null}},"loc":{"start":{"line":16,"column":14},"end":{"line":21,"column":2}}},"2":{"name":"(anonymous_19)","decl":{"start":{"line":23,"column":14},"end":{"line":23,"column":null}},"loc":{"start":{"line":23,"column":14},"end":{"line":27,"column":2}}}},"branchMap":{"0":{"loc":{"start":{"line":10,"column":10},"end":{"line":10,"column":43}},"type":"switch","locations":[{"start":{"line":10,"column":10},"end":{"line":10,"column":43}}]},"1":{"loc":{"start":{"line":24,"column":2},"end":{"line":24,"column":27}},"type":"switch","locations":[{"start":{"line":24,"column":2},"end":{"line":24,"column":27}}]}},"s":{"0":1,"1":1,"2":1,"3":1,"4":1,"5":1,"6":0,"7":0,"8":0,"9":0,"10":0,"11":1,"12":1,"13":0,"14":0,"15":1,"16":1,"17":0,"18":0,"19":0,"20":1},"f":{"0":0,"1":0,"2":0},"b":{"0":[0],"1":[0]}}
,"/Users/brandonlewis/LocalProjects/todo-mern-ts/server/src/validators/todoValidator.ts": {"path":"/Users/brandonlewis/LocalProjects/todo-mern-ts/server/src/validators/todoValidator.ts","statementMap":{"0":{"start":{"line":1,"column":0},"end":{"line":1,"column":33}},"1":{"start":{"line":3,"column":18},"end":{"line":5,"column":1}},"2":{"start":{"line":4,"column":2},"end":{"line":4,"column":36}},"3":{"start":{"line":25,"column":9},"end":{"line":25,"column":18}},"4":{"start":{"line":7,"column":24},"end":{"line":9,"column":1}},"5":{"start":{"line":8,"column":2},"end":{"line":8,"column":51}},"6":{"start":{"line":25,"column":20},"end":{"line":25,"column":35}},"7":{"start":{"line":11,"column":19},"end":{"line":15,"column":1}},"8":{"start":{"line":12,"column":2},"end":{"line":14,"column":null}},"9":{"start":{"line":13,"column":4},"end":{"line":13,"column":65}},"10":{"start":{"line":25,"column":37},"end":{"line":25,"column":47}},"11":{"start":{"line":17,"column":25},"end":{"line":23,"column":1}},"12":{"start":{"line":18,"column":2},"end":{"line":22,"column":null}},"13":{"start":{"line":19,"column":4},"end":{"line":21,"column":6}},"14":{"start":{"line":25,"column":49},"end":{"line":25,"column":65}}},"fnMap":{"0":{"name":"(anonymous_0)","decl":{"start":{"line":3,"column":18},"end":{"line":3,"column":19}},"loc":{"start":{"line":3,"column":29},"end":{"line":5,"column":1}}},"1":{"name":"(anonymous_1)","decl":{"start":{"line":7,"column":24},"end":{"line":7,"column":25}},"loc":{"start":{"line":7,"column":41},"end":{"line":9,"column":1}}},"2":{"name":"(anonymous_2)","decl":{"start":{"line":11,"column":19},"end":{"line":11,"column":20}},"loc":{"start":{"line":11,"column":30},"end":{"line":15,"column":1}}},"3":{"name":"(anonymous_3)","decl":{"start":{"line":17,"column":25},"end":{"line":17,"column":26}},"loc":{"start":{"line":17,"column":42},"end":{"line":23,"column":1}}}},"branchMap":{"0":{"loc":{"start":{"line":8,"column":9},"end":{"line":8,"column":24}},"type":"binary-expr","locations":[{"start":{"line":8,"column":9},"end":{"line":8,"column":24}},{"start":{"line":8,"column":28},"end":{"line":8,"column":50}}]},"1":{"loc":{"start":{"line":12,"column":2},"end":{"line":14,"column":null}},"type":"if","locations":[{"start":{"line":12,"column":2},"end":{"line":14,"column":null}},{"start":{"line":12,"column":2},"end":{"line":14,"column":null}}]},"2":{"loc":{"start":{"line":18,"column":2},"end":{"line":22,"column":null}},"type":"if","locations":[{"start":{"line":18,"column":2},"end":{"line":22,"column":null}},{"start":{"line":18,"column":2},"end":{"line":22,"column":null}}]}},"s":{"0":2,"1":2,"2":0,"3":2,"4":2,"5":0,"6":2,"7":2,"8":0,"9":0,"10":2,"11":2,"12":0,"13":0,"14":2},"f":{"0":0,"1":0,"2":0,"3":0},"b":{"0":[0,0],"1":[0,0],"2":[0,0]}}
}
