TN:
SF:src/app.ts
FNF:0
FNH:0
DA:1,1
DA:2,1
DA:3,1
DA:4,1
DA:5,1
DA:7,1
DA:8,1
DA:9,1
DA:10,1
DA:11,1
DA:12,1
DA:14,1
LF:12
LH:12
BRF:0
BRH:0
end_of_record
TN:
SF:src/config/corsConfig.ts
FNF:0
FNH:0
DA:1,1
DA:2,0
DA:5,1
DA:10,1
LF:4
LH:3
BRDA:1,0,0,0
BRDA:1,0,1,1
BRF:2
BRH:1
end_of_record
TN:
SF:src/config/index.ts
FNF:0
FNH:0
DA:1,1
DA:2,1
DA:3,1
DA:5,1
LF:4
LH:4
BRF:0
BRH:0
end_of_record
TN:
SF:src/config/loggerConfig.ts
FNF:0
FNH:0
DA:1,1
DA:2,0
DA:5,1
DA:9,1
LF:4
LH:3
BRDA:1,0,0,0
BRDA:1,0,1,1
BRF:2
BRH:1
end_of_record
TN:
SF:src/config/mongoConfig.ts
FNF:0
FNH:0
DA:1,1
DA:2,1
DA:5,1
DA:6,1
DA:12,1
DA:14,1
DA:16,1
DA:21,1
LF:8
LH:8
BRF:0
BRH:0
end_of_record
TN:
SF:src/controllers/todoController.ts
FN:11,(anonymous_13)
FN:11,(anonymous_14)
FN:20,(anonymous_16)
FN:20,(anonymous_17)
FN:25,(anonymous_19)
FN:30,(anonymous_22)
FN:32,(anonymous_23)
FN:49,(anonymous_25)
FN:49,(anonymous_26)
FNF:9
FNH:0
FNDA:0,(anonymous_13)
FNDA:0,(anonymous_14)
FNDA:0,(anonymous_16)
FNDA:0,(anonymous_17)
FNDA:0,(anonymous_19)
FNDA:0,(anonymous_22)
FNDA:0,(anonymous_23)
FNDA:0,(anonymous_25)
FNDA:0,(anonymous_26)
DA:1,1
DA:11,1
DA:12,0
DA:13,0
DA:14,0
DA:20,1
DA:21,0
DA:22,0
DA:25,1
DA:26,0
DA:27,0
DA:30,1
DA:32,0
DA:34,0
DA:35,0
DA:37,0
DA:38,0
DA:39,0
DA:41,0
DA:42,0
DA:44,0
DA:46,0
DA:49,1
DA:50,0
DA:51,0
DA:52,0
DA:58,1
LF:27
LH:7
BRDA:12,0,0,0
BRDA:21,1,0,0
BRDA:26,2,0,0
BRDA:41,3,0,0
BRDA:41,3,1,0
BRDA:37,4,0,0
BRDA:37,4,1,0
BRDA:50,5,0,0
BRF:8
BRH:0
end_of_record
TN:
SF:src/middleware/todoRouteValidations.ts
FNF:0
FNH:0
DA:1,1
DA:3,1
DA:14,1
DA:25,1
DA:34,1
DA:36,1
DA:38,1
DA:43,1
DA:45,1
LF:9
LH:9
BRF:0
BRH:0
end_of_record
TN:
SF:src/middleware/validator.ts
FN:4,(anonymous_13)
FN:5,(anonymous_14)
FN:5,(anonymous_15)
FNF:3
FNH:1
FNDA:4,(anonymous_13)
FNDA:0,(anonymous_14)
FNDA:0,(anonymous_15)
DA:2,1
DA:4,1
DA:5,4
DA:9,0
DA:10,0
DA:11,0
DA:14,0
DA:15,0
DA:16,0
DA:19,0
DA:23,0
DA:30,1
LF:12
LH:4
BRDA:9,0,0,0
BRDA:9,0,1,0
BRDA:11,1,0,0
BRDA:11,1,1,0
BRDA:15,2,0,0
BRDA:15,2,1,0
BRF:6
BRH:0
end_of_record
TN:
SF:src/models/Todo.ts
FNF:0
FNH:0
DA:1,1
DA:3,1
DA:5,1
DA:7,1
LF:4
LH:4
BRF:0
BRH:0
end_of_record
TN:
SF:src/routes/todoRoute.ts
FN:17,(anonymous_13)
FN:17,(anonymous_14)
FN:32,(anonymous_16)
FN:32,(anonymous_17)
FN:47,(anonymous_19)
FN:47,(anonymous_20)
FN:65,(anonymous_22)
FN:65,(anonymous_23)
FN:91,(anonymous_25)
FN:91,(anonymous_26)
FNF:10
FNH:0
FNDA:0,(anonymous_13)
FNDA:0,(anonymous_14)
FNDA:0,(anonymous_16)
FNDA:0,(anonymous_17)
FNDA:0,(anonymous_19)
FNDA:0,(anonymous_20)
FNDA:0,(anonymous_22)
FNDA:0,(anonymous_23)
FNDA:0,(anonymous_25)
FNDA:0,(anonymous_26)
DA:1,1
DA:2,1
DA:3,1
DA:4,1
DA:11,1
DA:13,1
DA:17,0
DA:19,0
DA:20,0
DA:26,0
DA:32,0
DA:34,0
DA:35,0
DA:37,0
DA:43,1
DA:47,0
DA:49,0
DA:50,0
DA:51,0
DA:55,0
DA:57,0
DA:65,0
DA:67,0
DA:71,0
DA:72,0
DA:77,0
DA:83,0
DA:91,0
DA:93,0
DA:94,0
DA:95,0
DA:99,0
DA:105,0
DA:112,1
LF:34
LH:8
BRDA:50,0,0,0
BRDA:50,0,1,0
BRDA:71,1,0,0
BRDA:71,1,1,0
BRDA:94,2,0,0
BRDA:94,2,1,0
BRF:6
BRH:0
end_of_record
TN:
SF:src/schemas/todoSchema.ts
FNF:0
FNH:0
DA:1,1
DA:3,1
DA:19,1
LF:3
LH:3
BRF:0
BRH:0
end_of_record
TN:
SF:src/services/todoService.ts
FN:5,(anonymous_13)
FN:5,(anonymous_14)
FN:10,(anonymous_16)
FN:14,(anonymous_19)
FN:14,(anonymous_20)
FN:19,(anonymous_22)
FN:19,(anonymous_23)
FN:31,(anonymous_25)
FN:33,(anonymous_26)
FN:45,(anonymous_28)
FN:45,(anonymous_29)
FNF:11
FNH:2
FNDA:3,(anonymous_13)
FNDA:3,(anonymous_14)
FNDA:0,(anonymous_16)
FNDA:0,(anonymous_19)
FNDA:0,(anonymous_20)
FNDA:0,(anonymous_22)
FNDA:0,(anonymous_23)
FNDA:0,(anonymous_25)
FNDA:0,(anonymous_26)
FNDA:0,(anonymous_28)
FNDA:0,(anonymous_29)
DA:1,2
DA:3,2
DA:5,3
DA:6,3
DA:7,3
DA:10,2
DA:11,0
DA:14,2
DA:15,0
DA:16,0
DA:19,2
DA:20,0
DA:21,0
DA:22,0
DA:23,0
DA:31,2
DA:33,0
DA:35,0
DA:36,0
DA:37,0
DA:45,2
DA:46,0
DA:47,0
DA:51,2
DA:52,2
DA:53,2
DA:54,2
DA:55,2
DA:56,2
LF:29
LH:16
BRDA:7,0,0,0
BRDA:11,1,0,0
BRDA:11,1,1,0
BRDA:16,2,0,0
BRDA:23,3,0,0
BRDA:22,4,0,0
BRDA:22,4,1,0
BRDA:37,5,0,0
BRDA:47,6,0,0
BRF:9
BRH:0
end_of_record
TN:
SF:src/tests/testDb.ts
FN:9,(anonymous_13)
FN:16,(anonymous_16)
FN:23,(anonymous_19)
FNF:3
FNH:0
FNDA:0,(anonymous_13)
FNDA:0,(anonymous_16)
FNDA:0,(anonymous_19)
DA:1,1
DA:2,1
DA:3,1
DA:4,1
DA:6,1
DA:9,1
DA:10,0
DA:11,0
DA:12,0
DA:13,0
DA:16,1
DA:18,0
DA:19,0
DA:23,1
DA:24,0
DA:25,0
DA:26,0
DA:29,1
LF:18
LH:9
BRDA:10,0,0,0
BRDA:24,1,0,0
BRF:2
BRH:0
end_of_record
TN:
SF:src/validators/todoValidator.ts
FN:3,(anonymous_0)
FN:7,(anonymous_1)
FN:11,(anonymous_2)
FN:17,(anonymous_3)
FNF:4
FNH:0
FNDA:0,(anonymous_0)
FNDA:0,(anonymous_1)
FNDA:0,(anonymous_2)
FNDA:0,(anonymous_3)
DA:1,2
DA:3,2
DA:4,0
DA:7,2
DA:8,0
DA:11,2
DA:12,0
DA:13,0
DA:17,2
DA:18,0
DA:19,0
DA:25,2
LF:12
LH:6
BRDA:8,0,0,0
BRDA:8,0,1,0
BRDA:12,1,0,0
BRDA:12,1,1,0
BRDA:18,2,0,0
BRDA:18,2,1,0
BRF:6
BRH:0
end_of_record
